#
# There is insufficient memory for the Java Runtime Environment to continue.
# Native memory allocation (malloc) failed to allocate 1048576 bytes for AllocateHeap
# Possible reasons:
#   The system is out of physical RAM or swap space
#   In 32 bit mode, the process size limit was hit
# Possible solutions:
#   Reduce memory load on the system
#   Increase physical memory or swap space
#   Check if swap backing store is full
#   Use 64 bit Java on a 64 bit OS
#   Decrease Java heap size (-Xmx/-Xms)
#   Decrease number of Java threads
#   Decrease Java thread stack sizes (-Xss)
#   Set larger code cache with -XX:ReservedCodeCacheSize=
# This output file may be truncated or incomplete.
#
#  Out of Memory Error (memory/allocation.inline.hpp:61), pid=10292, tid=0x000000000000448c
#
# JRE version:  (8.0_162-b12) (build )
# Java VM: Java HotSpot(TM) 64-Bit Server VM (25.162-b12 mixed mode windows-amd64 compressed oops)
# Failed to write core dump. Minidumps are not enabled by default on client versions of Windows
#

---------------  T H R E A D  ---------------

Current thread (0x0000000000a5e000):  JavaThread "Unknown thread" [_thread_in_vm, id=17548, stack(0x0000000002310000,0x0000000002410000)]

Stack: [0x0000000002310000,0x0000000002410000]
[error occurred during error reporting (printing stack bounds), id 0xc0000005]

Native frames: (J=compiled Java code, j=interpreted, Vv=VM code, C=native code)


---------------  P R O C E S S  ---------------

Java Threads: ( => current thread )

Other Threads:

=>0x0000000000a5e000 (exited) JavaThread "Unknown thread" [_thread_in_vm, id=17548, stack(0x0000000002310000,0x0000000002410000)]

VM state:not at safepoint (normal execution)

VM Mutex/Monitor currently owned by a thread: None

Heap:
 PSYoungGen      total 37888K, used 655K [0x00000000d6900000, 0x00000000d9300000, 0x0000000100000000)
  eden space 32768K, 2% used [0x00000000d6900000,0x00000000d69a3d80,0x00000000d8900000)
  from space 5120K, 0% used [0x00000000d8e00000,0x00000000d8e00000,0x00000000d9300000)
  to   space 5120K, 0% used [0x00000000d8900000,0x00000000d8900000,0x00000000d8e00000)
 ParOldGen       total 86016K, used 0K [0x0000000083a00000, 0x0000000088e00000, 0x00000000d6900000)
  object space 86016K, 0% used [0x0000000083a00000,0x0000000083a00000,0x0000000088e00000)
 Metaspace       used 770K, capacity 4480K, committed 4480K, reserved 1056768K
  class space    used 75K, capacity 384K, committed 384K, reserved 1048576K

Card table byte_map: [0x0000000011980000,0x0000000011d70000] byte_map_base: 0x0000000011563000

Marking Bits: (ParMarkBitMap*) 0x000000006ac30860
 Begin Bits: [0x0000000012810000, 0x0000000014728000)
 End Bits:   [0x0000000014728000, 0x0000000016640000)

Polling page: 0x0000000000a30000

CodeCache: size=245760Kb used=328Kb max_used=328Kb free=245431Kb
 bounds [0x00000000025c0000, 0x0000000002830000, 0x00000000115c0000]
 total_blobs=58 nmethods=0 adapters=38
 compilation: enabled

Compilation events (0 events):
No events

GC Heap History (0 events):
No events

Deoptimization events (0 events):
No events

Classes redefined (0 events):
No events

Internal exceptions (0 events):
No events

Events (10 events):
Event: 0.018 loading class java/lang/Short
Event: 0.018 loading class java/lang/Short done
Event: 0.018 loading class java/lang/Integer
Event: 0.018 loading class java/lang/Integer done
Event: 0.018 loading class java/lang/Long
Event: 0.018 loading class java/lang/Long done
Event: 0.019 loading class java/lang/NullPointerException
Event: 0.019 loading class java/lang/NullPointerException done
Event: 0.019 loading class java/lang/ArithmeticException
Event: 0.019 loading class java/lang/ArithmeticException done


Dynamic libraries:
0x00007ff6f0680000 - 0x00007ff6f06b7000 	C:\Program Files\Java\jdk1.8.0_162\bin\java.exe
0x00007ffbf39b0000 - 0x00007ffbf3bc4000 	C:\WINDOWS\SYSTEM32\ntdll.dll
0x00007ffbf2600000 - 0x00007ffbf26c2000 	C:\WINDOWS\System32\KERNEL32.DLL
0x00007ffbf12e0000 - 0x00007ffbf1683000 	C:\WINDOWS\System32\KERNELBASE.dll
0x00007ffbf2550000 - 0x00007ffbf25fe000 	C:\WINDOWS\System32\ADVAPI32.dll
0x00007ffbf2d40000 - 0x00007ffbf2de7000 	C:\WINDOWS\System32\msvcrt.dll
0x00007ffbf2870000 - 0x00007ffbf2914000 	C:\WINDOWS\System32\sechost.dll
0x00007ffbf36b0000 - 0x00007ffbf37c7000 	C:\WINDOWS\System32\RPCRT4.dll
0x00007ffbf22a0000 - 0x00007ffbf244b000 	C:\WINDOWS\System32\USER32.dll
0x00007ffbf0fb0000 - 0x00007ffbf0fd6000 	C:\WINDOWS\System32\win32u.dll
0x00007ffbf2920000 - 0x00007ffbf2949000 	C:\WINDOWS\System32\GDI32.dll
0x00007ffbf1690000 - 0x00007ffbf17a8000 	C:\WINDOWS\System32\gdi32full.dll
0x00007ffbf10d0000 - 0x00007ffbf116a000 	C:\WINDOWS\System32\msvcp_win.dll
0x00007ffbf0e90000 - 0x00007ffbf0fa1000 	C:\WINDOWS\System32\ucrtbase.dll
0x00007ffbe1220000 - 0x00007ffbe14ae000 	C:\WINDOWS\WinSxS\amd64_microsoft.windows.common-controls_6595b64144ccf1df_6.0.22621.1635_none_270f70857386168e\COMCTL32.dll
0x00007ffbf2830000 - 0x00007ffbf2861000 	C:\WINDOWS\System32\IMM32.DLL
0x000000006a330000 - 0x000000006a401000 	C:\Program Files\Java\jdk1.8.0_162\jre\bin\msvcr100.dll
0x000000006a410000 - 0x000000006acb0000 	C:\Program Files\Java\jdk1.8.0_162\jre\bin\server\jvm.dll
0x00007ffbf2df0000 - 0x00007ffbf2df8000 	C:\WINDOWS\System32\PSAPI.DLL
0x00007ffbed630000 - 0x00007ffbed639000 	C:\WINDOWS\SYSTEM32\WSOCK32.dll
0x00007ffbe9300000 - 0x00007ffbe930a000 	C:\WINDOWS\SYSTEM32\VERSION.dll
0x00007ffbe9360000 - 0x00007ffbe9394000 	C:\WINDOWS\SYSTEM32\WINMM.dll
0x00007ffbf37d0000 - 0x00007ffbf3841000 	C:\WINDOWS\System32\WS2_32.dll
0x000000006a2e0000 - 0x000000006a2ef000 	C:\Program Files\Java\jdk1.8.0_162\jre\bin\verify.dll
0x000000006a2b0000 - 0x000000006a2d9000 	C:\Program Files\Java\jdk1.8.0_162\jre\bin\java.dll
0x000000006a290000 - 0x000000006a2a6000 	C:\Program Files\Java\jdk1.8.0_162\jre\bin\zip.dll

VM Arguments:
jvm_args: -Dfile.encoding=UTF-8 
java_command: bankmanagementsystem.SignupOne
java_class_path (initial): F:\FULL STACK DEV\Project\Band Management System\BankManagementSystem\build\classes
Launcher Type: SUN_STANDARD

Environment Variables:
JAVA_HOME=C:\Program Files\Java\jdk1.8.0_162
PATH=C:\Python311\Scripts\;C:\Python311\;C:\Program Files\dotnet\;C:\WINDOWS\system32;C:\WINDOWS;C:\WINDOWS\System32\Wbem;C:\WINDOWS\System32\WindowsPowerShell\v1.0\;C:\WINDOWS\System32\OpenSSH\;C:\apache-tomcat-9.0.70\bin;C:\Program Files\nodejs\;C:\ProgramData\chocolatey\bin;C:\Program Files\Git\cmd;C:\Program Files\MySQL\MySQL Shell 8.0\bin\;C:\Program Files\Java\jdk1.8.0_162\bin;C:\Users\Dell\AppData\Local\Programs\Microsoft VS Code\bin;C:\Users\Dell\AppData\Local\Microsoft\WindowsApps;C:\apache-tomcat-9.0.70\bin;C:\Users\Dell\AppData\Roaming\npm
USERNAME=Dell
OS=Windows_NT
PROCESSOR_IDENTIFIER=Intel64 Family 6 Model 126 Stepping 5, GenuineIntel



---------------  S Y S T E M  ---------------

OS: Windows 10.0 , 64 bit Build 22621 (10.0.22621.1635)

CPU:total 8 (initial active 8) (4 cores per cpu, 2 threads per core) family 6 model 126 stepping 5, cmov, cx8, fxsr, mmx, sse, sse2, sse3, ssse3, sse4.1, sse4.2, popcnt, avx, avx2, aes, clmul, erms, 3dnowpref, lzcnt, ht, tsc, tscinvbit, bmi1, bmi2, adx

Memory: 4k page, physical 8150356k(1231752k free), swap 25945904k(5796k free)

vm_info: Java HotSpot(TM) 64-Bit Server VM (25.162-b12) for windows-amd64 JRE (1.8.0_162-b12), built on Dec 19 2017 20:00:03 by "java_re" with MS VC++ 10.0 (VS2010)

time: Sat May 27 00:51:53 2023
elapsed time: 0 seconds (0d 0h 0m 0s)

